<?xml version="1.0" encoding="UTF-8"?>
<!-- Generated by org.testng.reporters.JUnitReportReporter -->
<testsuite hostname="VinodhPC" failures="0" tests="1" name="com.testcases.SeleniumTests" time="2.175" errors="0" timestamp="2022-06-21T15:50:20 IST" skipped="0">
  <testcase classname="com.testcases.SeleniumTests" name="test2" time="2.175"/>
  <system-out/>
</testsuite> <!-- com.testcases.SeleniumTests -->
