<?xml version="1.0" encoding="UTF-8"?>
<!-- Generated by org.testng.reporters.JUnitReportReporter -->
<testsuite hostname="VinodhPC" failures="0" tests="1" name="com.testcases.SeleniumTests" time="2.828" errors="0" timestamp="2022-06-21T15:41:07 IST" skipped="0">
  <testcase classname="com.testcases.SeleniumTests" name="test" time="2.828"/>
  <system-out/>
</testsuite> <!-- com.testcases.SeleniumTests -->
