<?xml version="1.0" encoding="UTF-8"?>
<!-- Generated by org.testng.reporters.JUnitReportReporter -->
<testsuite hostname="VinodhPC" failures="0" tests="1" name="com.testcases.TestUnit" time="0.013" errors="0" timestamp="2022-06-21T15:13:58 IST" skipped="0">
  <testcase classname="com.testcases.TestUnit" name="factTest" time="0.013"/>
  <system-out/>
</testsuite> <!-- com.testcases.TestUnit -->
