<?xml version="1.0" encoding="UTF-8"?>
<!-- Generated by org.testng.reporters.JUnitReportReporter -->
<testsuite hostname="VinodhPC" failures="0" tests="1" name="com.testcases.GeneralTest" time="0.001" errors="0" timestamp="2022-06-21T15:50:20 IST" skipped="0">
  <testcase classname="com.testcases.GeneralTest" name="operationsTest" time="0.001"/>
  <system-out/>
</testsuite> <!-- com.testcases.GeneralTest -->
